Performing C SOURCE FILE Test CMAKE_HAVE_LIBC_PTHREAD failed with the following output:
Change Dir: /home/chinmay/Desktop/reference_code/cuda_voxelizer_bkp/cmake-build-debug/CMakeFiles/CMakeTmp

Run Build Command(s):/usr/bin/make cmTC_eb73d/fast && /usr/bin/make -f CMakeFiles/cmTC_eb73d.dir/build.make CMakeFiles/cmTC_eb73d.dir/build
make[1]: Entering directory '/home/chinmay/Desktop/reference_code/cuda_voxelizer_bkp/cmake-build-debug/CMakeFiles/CMakeTmp'
Building C object CMakeFiles/cmTC_eb73d.dir/src.c.o
/usr/bin/cc   -fPIC -DCMAKE_HAVE_LIBC_PTHREAD   -o CMakeFiles/cmTC_eb73d.dir/src.c.o   -c /home/chinmay/Desktop/reference_code/cuda_voxelizer_bkp/cmake-build-debug/CMakeFiles/CMakeTmp/src.c
Linking C executable cmTC_eb73d
/home/chinmay/Downloads/softwares/CLion-2019.3.4/clion-2019.3.4/bin/cmake/linux/bin/cmake -E cmake_link_script CMakeFiles/cmTC_eb73d.dir/link.txt --verbose=1
/usr/bin/cc -fPIC -DCMAKE_HAVE_LIBC_PTHREAD    -rdynamic CMakeFiles/cmTC_eb73d.dir/src.c.o  -o cmTC_eb73d 
CMakeFiles/cmTC_eb73d.dir/src.c.o: In function `main':
src.c:(.text+0x3e): undefined reference to `pthread_create'
src.c:(.text+0x4a): undefined reference to `pthread_detach'
src.c:(.text+0x5b): undefined reference to `pthread_join'
src.c:(.text+0x6f): undefined reference to `pthread_atfork'
collect2: error: ld returned 1 exit status
CMakeFiles/cmTC_eb73d.dir/build.make:86: recipe for target 'cmTC_eb73d' failed
make[1]: *** [cmTC_eb73d] Error 1
make[1]: Leaving directory '/home/chinmay/Desktop/reference_code/cuda_voxelizer_bkp/cmake-build-debug/CMakeFiles/CMakeTmp'
Makefile:121: recipe for target 'cmTC_eb73d/fast' failed
make: *** [cmTC_eb73d/fast] Error 2


Source file was:
#include <pthread.h>

void* test_func(void* data)
{
  return data;
}

int main(void)
{
  pthread_t thread;
  pthread_create(&thread, NULL, test_func, NULL);
  pthread_detach(thread);
  pthread_join(thread, NULL);
  pthread_atfork(NULL, NULL, NULL);
  pthread_exit(NULL);

  return 0;
}

Determining if the function pthread_create exists in the pthreads failed with the following output:
Change Dir: /home/chinmay/Desktop/reference_code/cuda_voxelizer_bkp/cmake-build-debug/CMakeFiles/CMakeTmp

Run Build Command(s):/usr/bin/make cmTC_96f2b/fast && /usr/bin/make -f CMakeFiles/cmTC_96f2b.dir/build.make CMakeFiles/cmTC_96f2b.dir/build
make[1]: Entering directory '/home/chinmay/Desktop/reference_code/cuda_voxelizer_bkp/cmake-build-debug/CMakeFiles/CMakeTmp'
Building C object CMakeFiles/cmTC_96f2b.dir/CheckFunctionExists.c.o
/usr/bin/cc   -fPIC -DCHECK_FUNCTION_EXISTS=pthread_create   -o CMakeFiles/cmTC_96f2b.dir/CheckFunctionExists.c.o   -c /home/chinmay/Downloads/softwares/CLion-2019.3.4/clion-2019.3.4/bin/cmake/linux/share/cmake-3.15/Modules/CheckFunctionExists.c
Linking C executable cmTC_96f2b
/home/chinmay/Downloads/softwares/CLion-2019.3.4/clion-2019.3.4/bin/cmake/linux/bin/cmake -E cmake_link_script CMakeFiles/cmTC_96f2b.dir/link.txt --verbose=1
/usr/bin/cc -fPIC -DCHECK_FUNCTION_EXISTS=pthread_create    -rdynamic CMakeFiles/cmTC_96f2b.dir/CheckFunctionExists.c.o  -o cmTC_96f2b -lpthreads 
/usr/bin/ld: cannot find -lpthreads
collect2: error: ld returned 1 exit status
CMakeFiles/cmTC_96f2b.dir/build.make:86: recipe for target 'cmTC_96f2b' failed
make[1]: *** [cmTC_96f2b] Error 1
make[1]: Leaving directory '/home/chinmay/Desktop/reference_code/cuda_voxelizer_bkp/cmake-build-debug/CMakeFiles/CMakeTmp'
Makefile:121: recipe for target 'cmTC_96f2b/fast' failed
make: *** [cmTC_96f2b/fast] Error 2



