Determining if the pthread_create exist failed with the following output:
Change Dir: /home/chinmay/Desktop/reference_code/cuda_voxelizer_bkp/build/CMakeFiles/CMakeTmp

Run Build Command:"/usr/bin/make" "cmTC_8bcd7/fast"
/usr/bin/make -f CMakeFiles/cmTC_8bcd7.dir/build.make CMakeFiles/cmTC_8bcd7.dir/build
make[1]: Entering directory '/home/chinmay/Desktop/reference_code/cuda_voxelizer_bkp/build/CMakeFiles/CMakeTmp'
Building C object CMakeFiles/cmTC_8bcd7.dir/CheckSymbolExists.c.o
/usr/bin/cc   -fPIC    -o CMakeFiles/cmTC_8bcd7.dir/CheckSymbolExists.c.o   -c /home/chinmay/Desktop/reference_code/cuda_voxelizer_bkp/build/CMakeFiles/CMakeTmp/CheckSymbolExists.c
Linking C executable cmTC_8bcd7
/usr/bin/cmake -E cmake_link_script CMakeFiles/cmTC_8bcd7.dir/link.txt --verbose=1
/usr/bin/cc -fPIC     -rdynamic CMakeFiles/cmTC_8bcd7.dir/CheckSymbolExists.c.o  -o cmTC_8bcd7 
CMakeFiles/cmTC_8bcd7.dir/CheckSymbolExists.c.o: In function `main':
CheckSymbolExists.c:(.text+0x1b): undefined reference to `pthread_create'
collect2: error: ld returned 1 exit status
CMakeFiles/cmTC_8bcd7.dir/build.make:97: recipe for target 'cmTC_8bcd7' failed
make[1]: *** [cmTC_8bcd7] Error 1
make[1]: Leaving directory '/home/chinmay/Desktop/reference_code/cuda_voxelizer_bkp/build/CMakeFiles/CMakeTmp'
Makefile:126: recipe for target 'cmTC_8bcd7/fast' failed
make: *** [cmTC_8bcd7/fast] Error 2

File /home/chinmay/Desktop/reference_code/cuda_voxelizer_bkp/build/CMakeFiles/CMakeTmp/CheckSymbolExists.c:
/* */
#include <pthread.h>

int main(int argc, char** argv)
{
  (void)argv;
#ifndef pthread_create
  return ((int*)(&pthread_create))[argc];
#else
  (void)argc;
  return 0;
#endif
}

Determining if the function pthread_create exists in the pthreads failed with the following output:
Change Dir: /home/chinmay/Desktop/reference_code/cuda_voxelizer_bkp/build/CMakeFiles/CMakeTmp

Run Build Command:"/usr/bin/make" "cmTC_0e54e/fast"
/usr/bin/make -f CMakeFiles/cmTC_0e54e.dir/build.make CMakeFiles/cmTC_0e54e.dir/build
make[1]: Entering directory '/home/chinmay/Desktop/reference_code/cuda_voxelizer_bkp/build/CMakeFiles/CMakeTmp'
Building C object CMakeFiles/cmTC_0e54e.dir/CheckFunctionExists.c.o
/usr/bin/cc   -fPIC -DCHECK_FUNCTION_EXISTS=pthread_create   -o CMakeFiles/cmTC_0e54e.dir/CheckFunctionExists.c.o   -c /usr/share/cmake-3.10/Modules/CheckFunctionExists.c
Linking C executable cmTC_0e54e
/usr/bin/cmake -E cmake_link_script CMakeFiles/cmTC_0e54e.dir/link.txt --verbose=1
/usr/bin/cc -fPIC -DCHECK_FUNCTION_EXISTS=pthread_create    -rdynamic CMakeFiles/cmTC_0e54e.dir/CheckFunctionExists.c.o  -o cmTC_0e54e -lpthreads 
/usr/bin/ld: cannot find -lpthreads
collect2: error: ld returned 1 exit status
CMakeFiles/cmTC_0e54e.dir/build.make:97: recipe for target 'cmTC_0e54e' failed
make[1]: *** [cmTC_0e54e] Error 1
make[1]: Leaving directory '/home/chinmay/Desktop/reference_code/cuda_voxelizer_bkp/build/CMakeFiles/CMakeTmp'
Makefile:126: recipe for target 'cmTC_0e54e/fast' failed
make: *** [cmTC_0e54e/fast] Error 2


Determining if the pthread_create exist failed with the following output:
Change Dir: /home/chinmay/Desktop/reference_code/cuda_voxelizer_bkp/build/CMakeFiles/CMakeTmp

Run Build Command:"/usr/bin/make" "cmTC_5f555/fast"
/usr/bin/make -f CMakeFiles/cmTC_5f555.dir/build.make CMakeFiles/cmTC_5f555.dir/build
make[1]: Entering directory '/home/chinmay/Desktop/reference_code/cuda_voxelizer_bkp/build/CMakeFiles/CMakeTmp'
Building C object CMakeFiles/cmTC_5f555.dir/CheckSymbolExists.c.o
/usr/bin/cc   -fPIC    -o CMakeFiles/cmTC_5f555.dir/CheckSymbolExists.c.o   -c /home/chinmay/Desktop/reference_code/cuda_voxelizer_bkp/build/CMakeFiles/CMakeTmp/CheckSymbolExists.c
Linking C executable cmTC_5f555
/usr/bin/cmake -E cmake_link_script CMakeFiles/cmTC_5f555.dir/link.txt --verbose=1
/usr/bin/cc -fPIC     -rdynamic CMakeFiles/cmTC_5f555.dir/CheckSymbolExists.c.o  -o cmTC_5f555 
CMakeFiles/cmTC_5f555.dir/CheckSymbolExists.c.o: In function `main':
CheckSymbolExists.c:(.text+0x1b): undefined reference to `pthread_create'
collect2: error: ld returned 1 exit status
CMakeFiles/cmTC_5f555.dir/build.make:97: recipe for target 'cmTC_5f555' failed
make[1]: *** [cmTC_5f555] Error 1
make[1]: Leaving directory '/home/chinmay/Desktop/reference_code/cuda_voxelizer_bkp/build/CMakeFiles/CMakeTmp'
Makefile:126: recipe for target 'cmTC_5f555/fast' failed
make: *** [cmTC_5f555/fast] Error 2

File /home/chinmay/Desktop/reference_code/cuda_voxelizer_bkp/build/CMakeFiles/CMakeTmp/CheckSymbolExists.c:
/* */
#include <pthread.h>

int main(int argc, char** argv)
{
  (void)argv;
#ifndef pthread_create
  return ((int*)(&pthread_create))[argc];
#else
  (void)argc;
  return 0;
#endif
}

Determining if the function pthread_create exists in the pthreads failed with the following output:
Change Dir: /home/chinmay/Desktop/reference_code/cuda_voxelizer_bkp/build/CMakeFiles/CMakeTmp

Run Build Command:"/usr/bin/make" "cmTC_4142d/fast"
/usr/bin/make -f CMakeFiles/cmTC_4142d.dir/build.make CMakeFiles/cmTC_4142d.dir/build
make[1]: Entering directory '/home/chinmay/Desktop/reference_code/cuda_voxelizer_bkp/build/CMakeFiles/CMakeTmp'
Building C object CMakeFiles/cmTC_4142d.dir/CheckFunctionExists.c.o
/usr/bin/cc   -fPIC -DCHECK_FUNCTION_EXISTS=pthread_create   -o CMakeFiles/cmTC_4142d.dir/CheckFunctionExists.c.o   -c /usr/share/cmake-3.10/Modules/CheckFunctionExists.c
Linking C executable cmTC_4142d
/usr/bin/cmake -E cmake_link_script CMakeFiles/cmTC_4142d.dir/link.txt --verbose=1
/usr/bin/cc -fPIC -DCHECK_FUNCTION_EXISTS=pthread_create    -rdynamic CMakeFiles/cmTC_4142d.dir/CheckFunctionExists.c.o  -o cmTC_4142d -lpthreads 
/usr/bin/ld: cannot find -lpthreads
collect2: error: ld returned 1 exit status
CMakeFiles/cmTC_4142d.dir/build.make:97: recipe for target 'cmTC_4142d' failed
make[1]: *** [cmTC_4142d] Error 1
make[1]: Leaving directory '/home/chinmay/Desktop/reference_code/cuda_voxelizer_bkp/build/CMakeFiles/CMakeTmp'
Makefile:126: recipe for target 'cmTC_4142d/fast' failed
make: *** [cmTC_4142d/fast] Error 2


Determining if the pthread_create exist failed with the following output:
Change Dir: /home/chinmay/Desktop/reference_code/cuda_voxelizer_bkp/build/CMakeFiles/CMakeTmp

Run Build Command:"/usr/bin/make" "cmTC_ab015/fast"
/usr/bin/make -f CMakeFiles/cmTC_ab015.dir/build.make CMakeFiles/cmTC_ab015.dir/build
make[1]: Entering directory '/home/chinmay/Desktop/reference_code/cuda_voxelizer_bkp/build/CMakeFiles/CMakeTmp'
Building C object CMakeFiles/cmTC_ab015.dir/CheckSymbolExists.c.o
/usr/bin/cc   -fPIC    -o CMakeFiles/cmTC_ab015.dir/CheckSymbolExists.c.o   -c /home/chinmay/Desktop/reference_code/cuda_voxelizer_bkp/build/CMakeFiles/CMakeTmp/CheckSymbolExists.c
Linking C executable cmTC_ab015
/usr/bin/cmake -E cmake_link_script CMakeFiles/cmTC_ab015.dir/link.txt --verbose=1
/usr/bin/cc -fPIC     -rdynamic CMakeFiles/cmTC_ab015.dir/CheckSymbolExists.c.o  -o cmTC_ab015 
CMakeFiles/cmTC_ab015.dir/CheckSymbolExists.c.o: In function `main':
CheckSymbolExists.c:(.text+0x1b): undefined reference to `pthread_create'
collect2: error: ld returned 1 exit status
CMakeFiles/cmTC_ab015.dir/build.make:97: recipe for target 'cmTC_ab015' failed
make[1]: *** [cmTC_ab015] Error 1
make[1]: Leaving directory '/home/chinmay/Desktop/reference_code/cuda_voxelizer_bkp/build/CMakeFiles/CMakeTmp'
Makefile:126: recipe for target 'cmTC_ab015/fast' failed
make: *** [cmTC_ab015/fast] Error 2

File /home/chinmay/Desktop/reference_code/cuda_voxelizer_bkp/build/CMakeFiles/CMakeTmp/CheckSymbolExists.c:
/* */
#include <pthread.h>

int main(int argc, char** argv)
{
  (void)argv;
#ifndef pthread_create
  return ((int*)(&pthread_create))[argc];
#else
  (void)argc;
  return 0;
#endif
}

Determining if the function pthread_create exists in the pthreads failed with the following output:
Change Dir: /home/chinmay/Desktop/reference_code/cuda_voxelizer_bkp/build/CMakeFiles/CMakeTmp

Run Build Command:"/usr/bin/make" "cmTC_83c1d/fast"
/usr/bin/make -f CMakeFiles/cmTC_83c1d.dir/build.make CMakeFiles/cmTC_83c1d.dir/build
make[1]: Entering directory '/home/chinmay/Desktop/reference_code/cuda_voxelizer_bkp/build/CMakeFiles/CMakeTmp'
Building C object CMakeFiles/cmTC_83c1d.dir/CheckFunctionExists.c.o
/usr/bin/cc   -fPIC -DCHECK_FUNCTION_EXISTS=pthread_create   -o CMakeFiles/cmTC_83c1d.dir/CheckFunctionExists.c.o   -c /usr/share/cmake-3.10/Modules/CheckFunctionExists.c
Linking C executable cmTC_83c1d
/usr/bin/cmake -E cmake_link_script CMakeFiles/cmTC_83c1d.dir/link.txt --verbose=1
/usr/bin/cc -fPIC -DCHECK_FUNCTION_EXISTS=pthread_create    -rdynamic CMakeFiles/cmTC_83c1d.dir/CheckFunctionExists.c.o  -o cmTC_83c1d -lpthreads 
/usr/bin/ld: cannot find -lpthreads
collect2: error: ld returned 1 exit status
CMakeFiles/cmTC_83c1d.dir/build.make:97: recipe for target 'cmTC_83c1d' failed
make[1]: *** [cmTC_83c1d] Error 1
make[1]: Leaving directory '/home/chinmay/Desktop/reference_code/cuda_voxelizer_bkp/build/CMakeFiles/CMakeTmp'
Makefile:126: recipe for target 'cmTC_83c1d/fast' failed
make: *** [cmTC_83c1d/fast] Error 2


